DEBUG - 2025-06-30 11:30:49 --> Session: Class initialized using 'CodeIgniter\Session\Handlers\FileHandler' driver.
DEBUG - 2025-06-30 11:30:53 --> Session: Class initialized using 'CodeIgniter\Session\Handlers\FileHandler' driver.
DEBUG - 2025-06-30 11:30:55 --> Session: Class initialized using 'CodeIgniter\Session\Handlers\FileHandler' driver.
DEBUG - 2025-06-30 11:30:55 --> Session: Class initialized using 'CodeIgniter\Session\Handlers\FileHandler' driver.
DEBUG - 2025-06-30 11:32:03 --> Session: Class initialized using 'CodeIgniter\Session\Handlers\FileHandler' driver.
DEBUG - 2025-06-30 11:32:28 --> Session: Class initialized using 'CodeIgniter\Session\Handlers\FileHandler' driver.
DEBUG - 2025-06-30 11:32:31 --> Session: Class initialized using 'CodeIgniter\Session\Handlers\FileHandler' driver.
DEBUG - 2025-06-30 11:32:40 --> Session: Class initialized using 'CodeIgniter\Session\Handlers\FileHandler' driver.
DEBUG - 2025-06-30 11:32:42 --> Session: Class initialized using 'CodeIgniter\Session\Handlers\FileHandler' driver.
DEBUG - 2025-06-30 11:33:00 --> Session: Class initialized using 'CodeIgniter\Session\Handlers\FileHandler' driver.
DEBUG - 2025-06-30 11:33:04 --> Session: Class initialized using 'CodeIgniter\Session\Handlers\FileHandler' driver.
DEBUG - 2025-06-30 11:34:21 --> Session: Class initialized using 'CodeIgniter\Session\Handlers\FileHandler' driver.
INFO - 2025-06-30 11:37:08 --> API access granted for user: tjD9cb, IP: ::1
INFO - 2025-06-30 11:37:08 --> API access granted for user: tjD9cb, IP: ::1
INFO - 2025-06-30 11:37:09 --> API access granted for user: tjD9cb, IP: ::1
INFO - 2025-06-30 11:37:26 --> API access granted for user: tjD9cb, IP: ::1
INFO - 2025-06-30 11:37:27 --> API access granted for user: tjD9cb, IP: ::1
INFO - 2025-06-30 11:37:27 --> API access granted for user: tjD9cb, IP: ::1
CRITICAL - 2025-06-30 13:09:36 --> Error: Cannot call constructor
[Method: GET, Route: api/v1/info]
in APPPATH\Controllers\ApiController.php on line 23.
 1 SYSTEMPATH\CodeIgniter.php(903): App\Controllers\ApiController->__construct()
 2 SYSTEMPATH\CodeIgniter.php(498): CodeIgniter\CodeIgniter->createController()
 3 SYSTEMPATH\CodeIgniter.php(354): CodeIgniter\CodeIgniter->handleRequest(null, Object(Config\Cache), false)
 4 SYSTEMPATH\Boot.php(334): CodeIgniter\CodeIgniter->run()
 5 SYSTEMPATH\Boot.php(67): CodeIgniter\Boot::runCodeIgniter(Object(CodeIgniter\CodeIgniter))
 6 FCPATH\index.php(59): CodeIgniter\Boot::bootWeb(Object(Config\Paths))
DEBUG - 2025-06-30 13:27:55 --> Session: Class initialized using 'CodeIgniter\Session\Handlers\FileHandler' driver.
DEBUG - 2025-06-30 13:27:56 --> Session: Class initialized using 'CodeIgniter\Session\Handlers\FileHandler' driver.
DEBUG - 2025-06-30 13:27:57 --> Session: Class initialized using 'CodeIgniter\Session\Handlers\FileHandler' driver.
DEBUG - 2025-06-30 13:28:07 --> Session: Class initialized using 'CodeIgniter\Session\Handlers\FileHandler' driver.
CRITICAL - 2025-06-30 13:31:53 --> Error: Cannot call constructor
[Method: GET, Route: api/v1/health]
in APPPATH\Controllers\ApiController.php on line 24.
 1 SYSTEMPATH\CodeIgniter.php(903): App\Controllers\ApiController->__construct()
 2 SYSTEMPATH\CodeIgniter.php(498): CodeIgniter\CodeIgniter->createController()
 3 SYSTEMPATH\CodeIgniter.php(354): CodeIgniter\CodeIgniter->handleRequest(null, Object(Config\Cache), false)
 4 SYSTEMPATH\Boot.php(334): CodeIgniter\CodeIgniter->run()
 5 SYSTEMPATH\Boot.php(67): CodeIgniter\Boot::runCodeIgniter(Object(CodeIgniter\CodeIgniter))
 6 FCPATH\index.php(59): CodeIgniter\Boot::bootWeb(Object(Config\Paths))
CRITICAL - 2025-06-30 13:31:53 --> Error: Cannot call constructor
[Method: GET, Route: api/v1/tjD9cb]
in APPPATH\Controllers\ApiController.php on line 24.
 1 SYSTEMPATH\CodeIgniter.php(903): App\Controllers\ApiController->__construct()
 2 SYSTEMPATH\CodeIgniter.php(498): CodeIgniter\CodeIgniter->createController()
 3 SYSTEMPATH\CodeIgniter.php(354): CodeIgniter\CodeIgniter->handleRequest(null, Object(Config\Cache), false)
 4 SYSTEMPATH\Boot.php(334): CodeIgniter\CodeIgniter->run()
 5 SYSTEMPATH\Boot.php(67): CodeIgniter\Boot::runCodeIgniter(Object(CodeIgniter\CodeIgniter))
 6 FCPATH\index.php(59): CodeIgniter\Boot::bootWeb(Object(Config\Paths))
CRITICAL - 2025-06-30 13:31:54 --> Error: Cannot call constructor
[Method: GET, Route: api/v1/tjD9cb/938-959-903]
in APPPATH\Controllers\ApiController.php on line 24.
 1 SYSTEMPATH\CodeIgniter.php(903): App\Controllers\ApiController->__construct()
 2 SYSTEMPATH\CodeIgniter.php(498): CodeIgniter\CodeIgniter->createController()
 3 SYSTEMPATH\CodeIgniter.php(354): CodeIgniter\CodeIgniter->handleRequest(null, Object(Config\Cache), false)
 4 SYSTEMPATH\Boot.php(334): CodeIgniter\CodeIgniter->run()
 5 SYSTEMPATH\Boot.php(67): CodeIgniter\Boot::runCodeIgniter(Object(CodeIgniter\CodeIgniter))
 6 FCPATH\index.php(59): CodeIgniter\Boot::bootWeb(Object(Config\Paths))
CRITICAL - 2025-06-30 13:31:54 --> Error: Cannot call constructor
[Method: GET, Route: api/v1/tjD9cb/938-959-903/raw]
in APPPATH\Controllers\ApiController.php on line 24.
 1 SYSTEMPATH\CodeIgniter.php(903): App\Controllers\ApiController->__construct()
 2 SYSTEMPATH\CodeIgniter.php(498): CodeIgniter\CodeIgniter->createController()
 3 SYSTEMPATH\CodeIgniter.php(354): CodeIgniter\CodeIgniter->handleRequest(null, Object(Config\Cache), false)
 4 SYSTEMPATH\Boot.php(334): CodeIgniter\CodeIgniter->run()
 5 SYSTEMPATH\Boot.php(67): CodeIgniter\Boot::runCodeIgniter(Object(CodeIgniter\CodeIgniter))
 6 FCPATH\index.php(59): CodeIgniter\Boot::bootWeb(Object(Config\Paths))
CRITICAL - 2025-06-30 13:31:54 --> Error: Cannot call constructor
[Method: GET, Route: api/v1/info]
in APPPATH\Controllers\ApiController.php on line 24.
 1 SYSTEMPATH\CodeIgniter.php(903): App\Controllers\ApiController->__construct()
 2 SYSTEMPATH\CodeIgniter.php(498): CodeIgniter\CodeIgniter->createController()
 3 SYSTEMPATH\CodeIgniter.php(354): CodeIgniter\CodeIgniter->handleRequest(null, Object(Config\Cache), false)
 4 SYSTEMPATH\Boot.php(334): CodeIgniter\CodeIgniter->run()
 5 SYSTEMPATH\Boot.php(67): CodeIgniter\Boot::runCodeIgniter(Object(CodeIgniter\CodeIgniter))
 6 FCPATH\index.php(59): CodeIgniter\Boot::bootWeb(Object(Config\Paths))
CRITICAL - 2025-06-30 13:32:47 --> Error: Cannot call constructor
[Method: GET, Route: api/v1/info]
in APPPATH\Controllers\ApiController.php on line 24.
 1 SYSTEMPATH\CodeIgniter.php(903): App\Controllers\ApiController->__construct()
 2 SYSTEMPATH\CodeIgniter.php(498): CodeIgniter\CodeIgniter->createController()
 3 SYSTEMPATH\CodeIgniter.php(354): CodeIgniter\CodeIgniter->handleRequest(null, Object(Config\Cache), false)
 4 SYSTEMPATH\Boot.php(334): CodeIgniter\CodeIgniter->run()
 5 SYSTEMPATH\Boot.php(67): CodeIgniter\Boot::runCodeIgniter(Object(CodeIgniter\CodeIgniter))
 6 FCPATH\index.php(59): CodeIgniter\Boot::bootWeb(Object(Config\Paths))
CRITICAL - 2025-06-30 13:32:48 --> Error: Cannot call constructor
[Method: GET, Route: api/v1/health]
in APPPATH\Controllers\ApiController.php on line 24.
 1 SYSTEMPATH\CodeIgniter.php(903): App\Controllers\ApiController->__construct()
 2 SYSTEMPATH\CodeIgniter.php(498): CodeIgniter\CodeIgniter->createController()
 3 SYSTEMPATH\CodeIgniter.php(354): CodeIgniter\CodeIgniter->handleRequest(null, Object(Config\Cache), false)
 4 SYSTEMPATH\Boot.php(334): CodeIgniter\CodeIgniter->run()
 5 SYSTEMPATH\Boot.php(67): CodeIgniter\Boot::runCodeIgniter(Object(CodeIgniter\CodeIgniter))
 6 FCPATH\index.php(59): CodeIgniter\Boot::bootWeb(Object(Config\Paths))
CRITICAL - 2025-06-30 13:32:48 --> Error: Cannot call constructor
[Method: GET, Route: api/v1/tjD9cb]
in APPPATH\Controllers\ApiController.php on line 24.
 1 SYSTEMPATH\CodeIgniter.php(903): App\Controllers\ApiController->__construct()
 2 SYSTEMPATH\CodeIgniter.php(498): CodeIgniter\CodeIgniter->createController()
 3 SYSTEMPATH\CodeIgniter.php(354): CodeIgniter\CodeIgniter->handleRequest(null, Object(Config\Cache), false)
 4 SYSTEMPATH\Boot.php(334): CodeIgniter\CodeIgniter->run()
 5 SYSTEMPATH\Boot.php(67): CodeIgniter\Boot::runCodeIgniter(Object(CodeIgniter\CodeIgniter))
 6 FCPATH\index.php(59): CodeIgniter\Boot::bootWeb(Object(Config\Paths))
CRITICAL - 2025-06-30 13:32:48 --> Error: Cannot call constructor
[Method: GET, Route: api/v1/tjD9cb]
in APPPATH\Controllers\ApiController.php on line 24.
 1 SYSTEMPATH\CodeIgniter.php(903): App\Controllers\ApiController->__construct()
 2 SYSTEMPATH\CodeIgniter.php(498): CodeIgniter\CodeIgniter->createController()
 3 SYSTEMPATH\CodeIgniter.php(354): CodeIgniter\CodeIgniter->handleRequest(null, Object(Config\Cache), false)
 4 SYSTEMPATH\Boot.php(334): CodeIgniter\CodeIgniter->run()
 5 SYSTEMPATH\Boot.php(67): CodeIgniter\Boot::runCodeIgniter(Object(CodeIgniter\CodeIgniter))
 6 FCPATH\index.php(59): CodeIgniter\Boot::bootWeb(Object(Config\Paths))
CRITICAL - 2025-06-30 13:32:48 --> Error: Cannot call constructor
[Method: GET, Route: api/v1/tjD9cb]
in APPPATH\Controllers\ApiController.php on line 24.
 1 SYSTEMPATH\CodeIgniter.php(903): App\Controllers\ApiController->__construct()
 2 SYSTEMPATH\CodeIgniter.php(498): CodeIgniter\CodeIgniter->createController()
 3 SYSTEMPATH\CodeIgniter.php(354): CodeIgniter\CodeIgniter->handleRequest(null, Object(Config\Cache), false)
 4 SYSTEMPATH\Boot.php(334): CodeIgniter\CodeIgniter->run()
 5 SYSTEMPATH\Boot.php(67): CodeIgniter\Boot::runCodeIgniter(Object(CodeIgniter\CodeIgniter))
 6 FCPATH\index.php(59): CodeIgniter\Boot::bootWeb(Object(Config\Paths))
CRITICAL - 2025-06-30 13:32:48 --> Error: Cannot call constructor
[Method: GET, Route: api/v1/tjD9cb]
in APPPATH\Controllers\ApiController.php on line 24.
 1 SYSTEMPATH\CodeIgniter.php(903): App\Controllers\ApiController->__construct()
 2 SYSTEMPATH\CodeIgniter.php(498): CodeIgniter\CodeIgniter->createController()
 3 SYSTEMPATH\CodeIgniter.php(354): CodeIgniter\CodeIgniter->handleRequest(null, Object(Config\Cache), false)
 4 SYSTEMPATH\Boot.php(334): CodeIgniter\CodeIgniter->run()
 5 SYSTEMPATH\Boot.php(67): CodeIgniter\Boot::runCodeIgniter(Object(CodeIgniter\CodeIgniter))
 6 FCPATH\index.php(59): CodeIgniter\Boot::bootWeb(Object(Config\Paths))
CRITICAL - 2025-06-30 13:32:49 --> Error: Cannot call constructor
[Method: GET, Route: api/v1/tjD9cb]
in APPPATH\Controllers\ApiController.php on line 24.
 1 SYSTEMPATH\CodeIgniter.php(903): App\Controllers\ApiController->__construct()
 2 SYSTEMPATH\CodeIgniter.php(498): CodeIgniter\CodeIgniter->createController()
 3 SYSTEMPATH\CodeIgniter.php(354): CodeIgniter\CodeIgniter->handleRequest(null, Object(Config\Cache), false)
 4 SYSTEMPATH\Boot.php(334): CodeIgniter\CodeIgniter->run()
 5 SYSTEMPATH\Boot.php(67): CodeIgniter\Boot::runCodeIgniter(Object(CodeIgniter\CodeIgniter))
 6 FCPATH\index.php(59): CodeIgniter\Boot::bootWeb(Object(Config\Paths))
CRITICAL - 2025-06-30 13:32:49 --> Error: Cannot call constructor
[Method: GET, Route: api/v1/tjD9cb/938-959-903]
in APPPATH\Controllers\ApiController.php on line 24.
 1 SYSTEMPATH\CodeIgniter.php(903): App\Controllers\ApiController->__construct()
 2 SYSTEMPATH\CodeIgniter.php(498): CodeIgniter\CodeIgniter->createController()
 3 SYSTEMPATH\CodeIgniter.php(354): CodeIgniter\CodeIgniter->handleRequest(null, Object(Config\Cache), false)
 4 SYSTEMPATH\Boot.php(334): CodeIgniter\CodeIgniter->run()
 5 SYSTEMPATH\Boot.php(67): CodeIgniter\Boot::runCodeIgniter(Object(CodeIgniter\CodeIgniter))
 6 FCPATH\index.php(59): CodeIgniter\Boot::bootWeb(Object(Config\Paths))
CRITICAL - 2025-06-30 13:32:49 --> Error: Cannot call constructor
[Method: GET, Route: api/v1/tjD9cb/938-959-903/raw]
in APPPATH\Controllers\ApiController.php on line 24.
 1 SYSTEMPATH\CodeIgniter.php(903): App\Controllers\ApiController->__construct()
 2 SYSTEMPATH\CodeIgniter.php(498): CodeIgniter\CodeIgniter->createController()
 3 SYSTEMPATH\CodeIgniter.php(354): CodeIgniter\CodeIgniter->handleRequest(null, Object(Config\Cache), false)
 4 SYSTEMPATH\Boot.php(334): CodeIgniter\CodeIgniter->run()
 5 SYSTEMPATH\Boot.php(67): CodeIgniter\Boot::runCodeIgniter(Object(CodeIgniter\CodeIgniter))
 6 FCPATH\index.php(59): CodeIgniter\Boot::bootWeb(Object(Config\Paths))
CRITICAL - 2025-06-30 13:32:50 --> Error: Cannot call constructor
[Method: GET, Route: api/v1/tjD9cb]
in APPPATH\Controllers\ApiController.php on line 24.
 1 SYSTEMPATH\CodeIgniter.php(903): App\Controllers\ApiController->__construct()
 2 SYSTEMPATH\CodeIgniter.php(498): CodeIgniter\CodeIgniter->createController()
 3 SYSTEMPATH\CodeIgniter.php(354): CodeIgniter\CodeIgniter->handleRequest(null, Object(Config\Cache), false)
 4 SYSTEMPATH\Boot.php(334): CodeIgniter\CodeIgniter->run()
 5 SYSTEMPATH\Boot.php(67): CodeIgniter\Boot::runCodeIgniter(Object(CodeIgniter\CodeIgniter))
 6 FCPATH\index.php(59): CodeIgniter\Boot::bootWeb(Object(Config\Paths))
CRITICAL - 2025-06-30 13:32:50 --> Error: Cannot call constructor
[Method: GET, Route: api/v1/tjD9cb]
in APPPATH\Controllers\ApiController.php on line 24.
 1 SYSTEMPATH\CodeIgniter.php(903): App\Controllers\ApiController->__construct()
 2 SYSTEMPATH\CodeIgniter.php(498): CodeIgniter\CodeIgniter->createController()
 3 SYSTEMPATH\CodeIgniter.php(354): CodeIgniter\CodeIgniter->handleRequest(null, Object(Config\Cache), false)
 4 SYSTEMPATH\Boot.php(334): CodeIgniter\CodeIgniter->run()
 5 SYSTEMPATH\Boot.php(67): CodeIgniter\Boot::runCodeIgniter(Object(CodeIgniter\CodeIgniter))
 6 FCPATH\index.php(59): CodeIgniter\Boot::bootWeb(Object(Config\Paths))
CRITICAL - 2025-06-30 13:32:51 --> Error: Cannot call constructor
[Method: GET, Route: api/v1/tjD9cb]
in APPPATH\Controllers\ApiController.php on line 24.
 1 SYSTEMPATH\CodeIgniter.php(903): App\Controllers\ApiController->__construct()
 2 SYSTEMPATH\CodeIgniter.php(498): CodeIgniter\CodeIgniter->createController()
 3 SYSTEMPATH\CodeIgniter.php(354): CodeIgniter\CodeIgniter->handleRequest(null, Object(Config\Cache), false)
 4 SYSTEMPATH\Boot.php(334): CodeIgniter\CodeIgniter->run()
 5 SYSTEMPATH\Boot.php(67): CodeIgniter\Boot::runCodeIgniter(Object(CodeIgniter\CodeIgniter))
 6 FCPATH\index.php(59): CodeIgniter\Boot::bootWeb(Object(Config\Paths))
CRITICAL - 2025-06-30 13:32:51 --> Error: Cannot call constructor
[Method: GET, Route: api/v1/tjD9cb]
in APPPATH\Controllers\ApiController.php on line 24.
 1 SYSTEMPATH\CodeIgniter.php(903): App\Controllers\ApiController->__construct()
 2 SYSTEMPATH\CodeIgniter.php(498): CodeIgniter\CodeIgniter->createController()
 3 SYSTEMPATH\CodeIgniter.php(354): CodeIgniter\CodeIgniter->handleRequest(null, Object(Config\Cache), false)
 4 SYSTEMPATH\Boot.php(334): CodeIgniter\CodeIgniter->run()
 5 SYSTEMPATH\Boot.php(67): CodeIgniter\Boot::runCodeIgniter(Object(CodeIgniter\CodeIgniter))
 6 FCPATH\index.php(59): CodeIgniter\Boot::bootWeb(Object(Config\Paths))
CRITICAL - 2025-06-30 13:32:52 --> Error: Cannot call constructor
[Method: GET, Route: api/v1/health]
in APPPATH\Controllers\ApiController.php on line 24.
 1 SYSTEMPATH\CodeIgniter.php(903): App\Controllers\ApiController->__construct()
 2 SYSTEMPATH\CodeIgniter.php(498): CodeIgniter\CodeIgniter->createController()
 3 SYSTEMPATH\CodeIgniter.php(354): CodeIgniter\CodeIgniter->handleRequest(null, Object(Config\Cache), false)
 4 SYSTEMPATH\Boot.php(334): CodeIgniter\CodeIgniter->run()
 5 SYSTEMPATH\Boot.php(67): CodeIgniter\Boot::runCodeIgniter(Object(CodeIgniter\CodeIgniter))
 6 FCPATH\index.php(59): CodeIgniter\Boot::bootWeb(Object(Config\Paths))
CRITICAL - 2025-06-30 13:32:52 --> Error: Cannot call constructor
[Method: GET, Route: api/v1/health]
in APPPATH\Controllers\ApiController.php on line 24.
 1 SYSTEMPATH\CodeIgniter.php(903): App\Controllers\ApiController->__construct()
 2 SYSTEMPATH\CodeIgniter.php(498): CodeIgniter\CodeIgniter->createController()
 3 SYSTEMPATH\CodeIgniter.php(354): CodeIgniter\CodeIgniter->handleRequest(null, Object(Config\Cache), false)
 4 SYSTEMPATH\Boot.php(334): CodeIgniter\CodeIgniter->run()
 5 SYSTEMPATH\Boot.php(67): CodeIgniter\Boot::runCodeIgniter(Object(CodeIgniter\CodeIgniter))
 6 FCPATH\index.php(59): CodeIgniter\Boot::bootWeb(Object(Config\Paths))
CRITICAL - 2025-06-30 13:32:52 --> Error: Cannot call constructor
[Method: GET, Route: api/v1/health]
in APPPATH\Controllers\ApiController.php on line 24.
 1 SYSTEMPATH\CodeIgniter.php(903): App\Controllers\ApiController->__construct()
 2 SYSTEMPATH\CodeIgniter.php(498): CodeIgniter\CodeIgniter->createController()
 3 SYSTEMPATH\CodeIgniter.php(354): CodeIgniter\CodeIgniter->handleRequest(null, Object(Config\Cache), false)
 4 SYSTEMPATH\Boot.php(334): CodeIgniter\CodeIgniter->run()
 5 SYSTEMPATH\Boot.php(67): CodeIgniter\Boot::runCodeIgniter(Object(CodeIgniter\CodeIgniter))
 6 FCPATH\index.php(59): CodeIgniter\Boot::bootWeb(Object(Config\Paths))
CRITICAL - 2025-06-30 13:32:53 --> Error: Cannot call constructor
[Method: GET, Route: api/v1/health]
in APPPATH\Controllers\ApiController.php on line 24.
 1 SYSTEMPATH\CodeIgniter.php(903): App\Controllers\ApiController->__construct()
 2 SYSTEMPATH\CodeIgniter.php(498): CodeIgniter\CodeIgniter->createController()
 3 SYSTEMPATH\CodeIgniter.php(354): CodeIgniter\CodeIgniter->handleRequest(null, Object(Config\Cache), false)
 4 SYSTEMPATH\Boot.php(334): CodeIgniter\CodeIgniter->run()
 5 SYSTEMPATH\Boot.php(67): CodeIgniter\Boot::runCodeIgniter(Object(CodeIgniter\CodeIgniter))
 6 FCPATH\index.php(59): CodeIgniter\Boot::bootWeb(Object(Config\Paths))
CRITICAL - 2025-06-30 13:32:53 --> Error: Cannot call constructor
[Method: GET, Route: api/v1/health]
in APPPATH\Controllers\ApiController.php on line 24.
 1 SYSTEMPATH\CodeIgniter.php(903): App\Controllers\ApiController->__construct()
 2 SYSTEMPATH\CodeIgniter.php(498): CodeIgniter\CodeIgniter->createController()
 3 SYSTEMPATH\CodeIgniter.php(354): CodeIgniter\CodeIgniter->handleRequest(null, Object(Config\Cache), false)
 4 SYSTEMPATH\Boot.php(334): CodeIgniter\CodeIgniter->run()
 5 SYSTEMPATH\Boot.php(67): CodeIgniter\Boot::runCodeIgniter(Object(CodeIgniter\CodeIgniter))
 6 FCPATH\index.php(59): CodeIgniter\Boot::bootWeb(Object(Config\Paths))
CRITICAL - 2025-06-30 13:32:53 --> CodeIgniter\HTTP\Exceptions\BadRequestException: The URI you submitted has disallowed characters: "'; DROP TABLE users; --"
[Method: GET, Route: api/v1/%27;%20DROP%20TABLE%20users;%20--]
in SYSTEMPATH\Router\Router.php on line 741.
 1 SYSTEMPATH\Router\Router.php(207): CodeIgniter\Router\Router->checkDisallowedChars('api/v1/\'; DROP TABLE users; --')
 2 SYSTEMPATH\CodeIgniter.php(832): CodeIgniter\Router\Router->handle('api/v1/\'; DROP TABLE users; --')
 3 SYSTEMPATH\CodeIgniter.php(455): CodeIgniter\CodeIgniter->tryToRouteIt(Object(CodeIgniter\Router\RouteCollection))
 4 SYSTEMPATH\CodeIgniter.php(354): CodeIgniter\CodeIgniter->handleRequest(null, Object(Config\Cache), false)
 5 SYSTEMPATH\Boot.php(334): CodeIgniter\CodeIgniter->run()
 6 SYSTEMPATH\Boot.php(67): CodeIgniter\Boot::runCodeIgniter(Object(CodeIgniter\CodeIgniter))
 7 FCPATH\index.php(59): CodeIgniter\Boot::bootWeb(Object(Config\Paths))
CRITICAL - 2025-06-30 13:32:53 --> Error: Cannot call constructor
[Method: GET, Route: api/v1/tjD9cb]
in APPPATH\Controllers\ApiController.php on line 24.
 1 SYSTEMPATH\CodeIgniter.php(903): App\Controllers\ApiController->__construct()
 2 SYSTEMPATH\CodeIgniter.php(498): CodeIgniter\CodeIgniter->createController()
 3 SYSTEMPATH\CodeIgniter.php(354): CodeIgniter\CodeIgniter->handleRequest(null, Object(Config\Cache), false)
 4 SYSTEMPATH\Boot.php(334): CodeIgniter\CodeIgniter->run()
 5 SYSTEMPATH\Boot.php(67): CodeIgniter\Boot::runCodeIgniter(Object(CodeIgniter\CodeIgniter))
 6 FCPATH\index.php(59): CodeIgniter\Boot::bootWeb(Object(Config\Paths))
CRITICAL - 2025-06-30 13:32:54 --> Error: Cannot call constructor
[Method: GET, Route: api/v1/health]
in APPPATH\Controllers\ApiController.php on line 24.
 1 SYSTEMPATH\CodeIgniter.php(903): App\Controllers\ApiController->__construct()
 2 SYSTEMPATH\CodeIgniter.php(498): CodeIgniter\CodeIgniter->createController()
 3 SYSTEMPATH\CodeIgniter.php(354): CodeIgniter\CodeIgniter->handleRequest(null, Object(Config\Cache), false)
 4 SYSTEMPATH\Boot.php(334): CodeIgniter\CodeIgniter->run()
 5 SYSTEMPATH\Boot.php(67): CodeIgniter\Boot::runCodeIgniter(Object(CodeIgniter\CodeIgniter))
 6 FCPATH\index.php(59): CodeIgniter\Boot::bootWeb(Object(Config\Paths))
CRITICAL - 2025-06-30 13:32:54 --> Error: Cannot call constructor
[Method: GET, Route: api/v1/tjD9cb/nonexistent-file-123]
in APPPATH\Controllers\ApiController.php on line 24.
 1 SYSTEMPATH\CodeIgniter.php(903): App\Controllers\ApiController->__construct()
 2 SYSTEMPATH\CodeIgniter.php(498): CodeIgniter\CodeIgniter->createController()
 3 SYSTEMPATH\CodeIgniter.php(354): CodeIgniter\CodeIgniter->handleRequest(null, Object(Config\Cache), false)
 4 SYSTEMPATH\Boot.php(334): CodeIgniter\CodeIgniter->run()
 5 SYSTEMPATH\Boot.php(67): CodeIgniter\Boot::runCodeIgniter(Object(CodeIgniter\CodeIgniter))
 6 FCPATH\index.php(59): CodeIgniter\Boot::bootWeb(Object(Config\Paths))
CRITICAL - 2025-06-30 13:32:54 --> Error: Cannot call constructor
[Method: GET, Route: api/v1/nonexistent]
in APPPATH\Controllers\ApiController.php on line 24.
 1 SYSTEMPATH\CodeIgniter.php(903): App\Controllers\ApiController->__construct()
 2 SYSTEMPATH\CodeIgniter.php(498): CodeIgniter\CodeIgniter->createController()
 3 SYSTEMPATH\CodeIgniter.php(354): CodeIgniter\CodeIgniter->handleRequest(null, Object(Config\Cache), false)
 4 SYSTEMPATH\Boot.php(334): CodeIgniter\CodeIgniter->run()
 5 SYSTEMPATH\Boot.php(67): CodeIgniter\Boot::runCodeIgniter(Object(CodeIgniter\CodeIgniter))
 6 FCPATH\index.php(59): CodeIgniter\Boot::bootWeb(Object(Config\Paths))
CRITICAL - 2025-06-30 13:37:05 --> Error: Cannot call constructor
[Method: GET, Route: api/v1/health]
in APPPATH\Controllers\ApiController.php on line 24.
 1 SYSTEMPATH\CodeIgniter.php(903): App\Controllers\ApiController->__construct()
 2 SYSTEMPATH\CodeIgniter.php(498): CodeIgniter\CodeIgniter->createController()
 3 SYSTEMPATH\CodeIgniter.php(354): CodeIgniter\CodeIgniter->handleRequest(null, Object(Config\Cache), false)
 4 SYSTEMPATH\Boot.php(334): CodeIgniter\CodeIgniter->run()
 5 SYSTEMPATH\Boot.php(67): CodeIgniter\Boot::runCodeIgniter(Object(CodeIgniter\CodeIgniter))
 6 FCPATH\index.php(59): CodeIgniter\Boot::bootWeb(Object(Config\Paths))
CRITICAL - 2025-06-30 13:37:05 --> Error: Cannot call constructor
[Method: GET, Route: api/v1/tjD9cb]
in APPPATH\Controllers\ApiController.php on line 24.
 1 SYSTEMPATH\CodeIgniter.php(903): App\Controllers\ApiController->__construct()
 2 SYSTEMPATH\CodeIgniter.php(498): CodeIgniter\CodeIgniter->createController()
 3 SYSTEMPATH\CodeIgniter.php(354): CodeIgniter\CodeIgniter->handleRequest(null, Object(Config\Cache), false)
 4 SYSTEMPATH\Boot.php(334): CodeIgniter\CodeIgniter->run()
 5 SYSTEMPATH\Boot.php(67): CodeIgniter\Boot::runCodeIgniter(Object(CodeIgniter\CodeIgniter))
 6 FCPATH\index.php(59): CodeIgniter\Boot::bootWeb(Object(Config\Paths))
CRITICAL - 2025-06-30 13:37:06 --> Error: Cannot call constructor
[Method: GET, Route: api/v1/tjD9cb/938-959-903]
in APPPATH\Controllers\ApiController.php on line 24.
 1 SYSTEMPATH\CodeIgniter.php(903): App\Controllers\ApiController->__construct()
 2 SYSTEMPATH\CodeIgniter.php(498): CodeIgniter\CodeIgniter->createController()
 3 SYSTEMPATH\CodeIgniter.php(354): CodeIgniter\CodeIgniter->handleRequest(null, Object(Config\Cache), false)
 4 SYSTEMPATH\Boot.php(334): CodeIgniter\CodeIgniter->run()
 5 SYSTEMPATH\Boot.php(67): CodeIgniter\Boot::runCodeIgniter(Object(CodeIgniter\CodeIgniter))
 6 FCPATH\index.php(59): CodeIgniter\Boot::bootWeb(Object(Config\Paths))
CRITICAL - 2025-06-30 13:37:06 --> Error: Cannot call constructor
[Method: GET, Route: api/v1/tjD9cb/938-959-903/raw]
in APPPATH\Controllers\ApiController.php on line 24.
 1 SYSTEMPATH\CodeIgniter.php(903): App\Controllers\ApiController->__construct()
 2 SYSTEMPATH\CodeIgniter.php(498): CodeIgniter\CodeIgniter->createController()
 3 SYSTEMPATH\CodeIgniter.php(354): CodeIgniter\CodeIgniter->handleRequest(null, Object(Config\Cache), false)
 4 SYSTEMPATH\Boot.php(334): CodeIgniter\CodeIgniter->run()
 5 SYSTEMPATH\Boot.php(67): CodeIgniter\Boot::runCodeIgniter(Object(CodeIgniter\CodeIgniter))
 6 FCPATH\index.php(59): CodeIgniter\Boot::bootWeb(Object(Config\Paths))
CRITICAL - 2025-06-30 13:37:06 --> Error: Cannot call constructor
[Method: GET, Route: api/v1/info]
in APPPATH\Controllers\ApiController.php on line 24.
 1 SYSTEMPATH\CodeIgniter.php(903): App\Controllers\ApiController->__construct()
 2 SYSTEMPATH\CodeIgniter.php(498): CodeIgniter\CodeIgniter->createController()
 3 SYSTEMPATH\CodeIgniter.php(354): CodeIgniter\CodeIgniter->handleRequest(null, Object(Config\Cache), false)
 4 SYSTEMPATH\Boot.php(334): CodeIgniter\CodeIgniter->run()
 5 SYSTEMPATH\Boot.php(67): CodeIgniter\Boot::runCodeIgniter(Object(CodeIgniter\CodeIgniter))
 6 FCPATH\index.php(59): CodeIgniter\Boot::bootWeb(Object(Config\Paths))
DEBUG - 2025-06-30 13:38:23 --> Session: Class initialized using 'CodeIgniter\Session\Handlers\FileHandler' driver.
CRITICAL - 2025-06-30 13:38:54 --> Error: Cannot call constructor
[Method: GET, Route: api/v1/health]
in APPPATH\Controllers\ApiController.php on line 24.
 1 SYSTEMPATH\CodeIgniter.php(903): App\Controllers\ApiController->__construct()
 2 SYSTEMPATH\CodeIgniter.php(498): CodeIgniter\CodeIgniter->createController()
 3 SYSTEMPATH\CodeIgniter.php(354): CodeIgniter\CodeIgniter->handleRequest(null, Object(Config\Cache), false)
 4 SYSTEMPATH\Boot.php(334): CodeIgniter\CodeIgniter->run()
 5 SYSTEMPATH\Boot.php(67): CodeIgniter\Boot::runCodeIgniter(Object(CodeIgniter\CodeIgniter))
 6 FCPATH\index.php(59): CodeIgniter\Boot::bootWeb(Object(Config\Paths))
CRITICAL - 2025-06-30 13:38:54 --> Error: Cannot call constructor
[Method: GET, Route: api/v1/tjD9cb]
in APPPATH\Controllers\ApiController.php on line 24.
 1 SYSTEMPATH\CodeIgniter.php(903): App\Controllers\ApiController->__construct()
 2 SYSTEMPATH\CodeIgniter.php(498): CodeIgniter\CodeIgniter->createController()
 3 SYSTEMPATH\CodeIgniter.php(354): CodeIgniter\CodeIgniter->handleRequest(null, Object(Config\Cache), false)
 4 SYSTEMPATH\Boot.php(334): CodeIgniter\CodeIgniter->run()
 5 SYSTEMPATH\Boot.php(67): CodeIgniter\Boot::runCodeIgniter(Object(CodeIgniter\CodeIgniter))
 6 FCPATH\index.php(59): CodeIgniter\Boot::bootWeb(Object(Config\Paths))
CRITICAL - 2025-06-30 13:38:54 --> Error: Cannot call constructor
[Method: GET, Route: api/v1/tjD9cb/938-959-903]
in APPPATH\Controllers\ApiController.php on line 24.
 1 SYSTEMPATH\CodeIgniter.php(903): App\Controllers\ApiController->__construct()
 2 SYSTEMPATH\CodeIgniter.php(498): CodeIgniter\CodeIgniter->createController()
 3 SYSTEMPATH\CodeIgniter.php(354): CodeIgniter\CodeIgniter->handleRequest(null, Object(Config\Cache), false)
 4 SYSTEMPATH\Boot.php(334): CodeIgniter\CodeIgniter->run()
 5 SYSTEMPATH\Boot.php(67): CodeIgniter\Boot::runCodeIgniter(Object(CodeIgniter\CodeIgniter))
 6 FCPATH\index.php(59): CodeIgniter\Boot::bootWeb(Object(Config\Paths))
CRITICAL - 2025-06-30 13:38:55 --> Error: Cannot call constructor
[Method: GET, Route: api/v1/tjD9cb/938-959-903/raw]
in APPPATH\Controllers\ApiController.php on line 24.
 1 SYSTEMPATH\CodeIgniter.php(903): App\Controllers\ApiController->__construct()
 2 SYSTEMPATH\CodeIgniter.php(498): CodeIgniter\CodeIgniter->createController()
 3 SYSTEMPATH\CodeIgniter.php(354): CodeIgniter\CodeIgniter->handleRequest(null, Object(Config\Cache), false)
 4 SYSTEMPATH\Boot.php(334): CodeIgniter\CodeIgniter->run()
 5 SYSTEMPATH\Boot.php(67): CodeIgniter\Boot::runCodeIgniter(Object(CodeIgniter\CodeIgniter))
 6 FCPATH\index.php(59): CodeIgniter\Boot::bootWeb(Object(Config\Paths))
CRITICAL - 2025-06-30 13:38:55 --> Error: Cannot call constructor
[Method: GET, Route: api/v1/info]
in APPPATH\Controllers\ApiController.php on line 24.
 1 SYSTEMPATH\CodeIgniter.php(903): App\Controllers\ApiController->__construct()
 2 SYSTEMPATH\CodeIgniter.php(498): CodeIgniter\CodeIgniter->createController()
 3 SYSTEMPATH\CodeIgniter.php(354): CodeIgniter\CodeIgniter->handleRequest(null, Object(Config\Cache), false)
 4 SYSTEMPATH\Boot.php(334): CodeIgniter\CodeIgniter->run()
 5 SYSTEMPATH\Boot.php(67): CodeIgniter\Boot::runCodeIgniter(Object(CodeIgniter\CodeIgniter))
 6 FCPATH\index.php(59): CodeIgniter\Boot::bootWeb(Object(Config\Paths))
CRITICAL - 2025-06-30 13:39:40 --> Error: Cannot call constructor
[Method: GET, Route: api/v1/health]
in APPPATH\Controllers\ApiController.php on line 28.
 1 SYSTEMPATH\CodeIgniter.php(903): App\Controllers\ApiController->__construct()
 2 SYSTEMPATH\CodeIgniter.php(498): CodeIgniter\CodeIgniter->createController()
 3 SYSTEMPATH\CodeIgniter.php(354): CodeIgniter\CodeIgniter->handleRequest(null, Object(Config\Cache), false)
 4 SYSTEMPATH\Boot.php(334): CodeIgniter\CodeIgniter->run()
 5 SYSTEMPATH\Boot.php(67): CodeIgniter\Boot::runCodeIgniter(Object(CodeIgniter\CodeIgniter))
 6 FCPATH\index.php(59): CodeIgniter\Boot::bootWeb(Object(Config\Paths))
CRITICAL - 2025-06-30 13:39:41 --> Error: Cannot call constructor
[Method: GET, Route: api/v1/tjD9cb]
in APPPATH\Controllers\ApiController.php on line 28.
 1 SYSTEMPATH\CodeIgniter.php(903): App\Controllers\ApiController->__construct()
 2 SYSTEMPATH\CodeIgniter.php(498): CodeIgniter\CodeIgniter->createController()
 3 SYSTEMPATH\CodeIgniter.php(354): CodeIgniter\CodeIgniter->handleRequest(null, Object(Config\Cache), false)
 4 SYSTEMPATH\Boot.php(334): CodeIgniter\CodeIgniter->run()
 5 SYSTEMPATH\Boot.php(67): CodeIgniter\Boot::runCodeIgniter(Object(CodeIgniter\CodeIgniter))
 6 FCPATH\index.php(59): CodeIgniter\Boot::bootWeb(Object(Config\Paths))
CRITICAL - 2025-06-30 13:39:41 --> Error: Cannot call constructor
[Method: GET, Route: api/v1/tjD9cb/938-959-903]
in APPPATH\Controllers\ApiController.php on line 28.
 1 SYSTEMPATH\CodeIgniter.php(903): App\Controllers\ApiController->__construct()
 2 SYSTEMPATH\CodeIgniter.php(498): CodeIgniter\CodeIgniter->createController()
 3 SYSTEMPATH\CodeIgniter.php(354): CodeIgniter\CodeIgniter->handleRequest(null, Object(Config\Cache), false)
 4 SYSTEMPATH\Boot.php(334): CodeIgniter\CodeIgniter->run()
 5 SYSTEMPATH\Boot.php(67): CodeIgniter\Boot::runCodeIgniter(Object(CodeIgniter\CodeIgniter))
 6 FCPATH\index.php(59): CodeIgniter\Boot::bootWeb(Object(Config\Paths))
CRITICAL - 2025-06-30 13:39:41 --> Error: Cannot call constructor
[Method: GET, Route: api/v1/tjD9cb/938-959-903/raw]
in APPPATH\Controllers\ApiController.php on line 28.
 1 SYSTEMPATH\CodeIgniter.php(903): App\Controllers\ApiController->__construct()
 2 SYSTEMPATH\CodeIgniter.php(498): CodeIgniter\CodeIgniter->createController()
 3 SYSTEMPATH\CodeIgniter.php(354): CodeIgniter\CodeIgniter->handleRequest(null, Object(Config\Cache), false)
 4 SYSTEMPATH\Boot.php(334): CodeIgniter\CodeIgniter->run()
 5 SYSTEMPATH\Boot.php(67): CodeIgniter\Boot::runCodeIgniter(Object(CodeIgniter\CodeIgniter))
 6 FCPATH\index.php(59): CodeIgniter\Boot::bootWeb(Object(Config\Paths))
CRITICAL - 2025-06-30 13:39:42 --> Error: Cannot call constructor
[Method: GET, Route: api/v1/info]
in APPPATH\Controllers\ApiController.php on line 28.
 1 SYSTEMPATH\CodeIgniter.php(903): App\Controllers\ApiController->__construct()
 2 SYSTEMPATH\CodeIgniter.php(498): CodeIgniter\CodeIgniter->createController()
 3 SYSTEMPATH\CodeIgniter.php(354): CodeIgniter\CodeIgniter->handleRequest(null, Object(Config\Cache), false)
 4 SYSTEMPATH\Boot.php(334): CodeIgniter\CodeIgniter->run()
 5 SYSTEMPATH\Boot.php(67): CodeIgniter\Boot::runCodeIgniter(Object(CodeIgniter\CodeIgniter))
 6 FCPATH\index.php(59): CodeIgniter\Boot::bootWeb(Object(Config\Paths))
CRITICAL - 2025-06-30 13:40:18 --> Error: Cannot call constructor
[Method: GET, Route: api/v1/health]
in APPPATH\Controllers\ApiController.php on line 28.
 1 SYSTEMPATH\CodeIgniter.php(903): App\Controllers\ApiController->__construct()
 2 SYSTEMPATH\CodeIgniter.php(498): CodeIgniter\CodeIgniter->createController()
 3 SYSTEMPATH\CodeIgniter.php(354): CodeIgniter\CodeIgniter->handleRequest(null, Object(Config\Cache), false)
 4 SYSTEMPATH\Boot.php(334): CodeIgniter\CodeIgniter->run()
 5 SYSTEMPATH\Boot.php(67): CodeIgniter\Boot::runCodeIgniter(Object(CodeIgniter\CodeIgniter))
 6 FCPATH\index.php(59): CodeIgniter\Boot::bootWeb(Object(Config\Paths))
CRITICAL - 2025-06-30 13:40:19 --> Error: Cannot call constructor
[Method: GET, Route: api/v1/tjD9cb]
in APPPATH\Controllers\ApiController.php on line 28.
 1 SYSTEMPATH\CodeIgniter.php(903): App\Controllers\ApiController->__construct()
 2 SYSTEMPATH\CodeIgniter.php(498): CodeIgniter\CodeIgniter->createController()
 3 SYSTEMPATH\CodeIgniter.php(354): CodeIgniter\CodeIgniter->handleRequest(null, Object(Config\Cache), false)
 4 SYSTEMPATH\Boot.php(334): CodeIgniter\CodeIgniter->run()
 5 SYSTEMPATH\Boot.php(67): CodeIgniter\Boot::runCodeIgniter(Object(CodeIgniter\CodeIgniter))
 6 FCPATH\index.php(59): CodeIgniter\Boot::bootWeb(Object(Config\Paths))
CRITICAL - 2025-06-30 13:40:19 --> Error: Cannot call constructor
[Method: GET, Route: api/v1/tjD9cb/938-959-903]
in APPPATH\Controllers\ApiController.php on line 28.
 1 SYSTEMPATH\CodeIgniter.php(903): App\Controllers\ApiController->__construct()
 2 SYSTEMPATH\CodeIgniter.php(498): CodeIgniter\CodeIgniter->createController()
 3 SYSTEMPATH\CodeIgniter.php(354): CodeIgniter\CodeIgniter->handleRequest(null, Object(Config\Cache), false)
 4 SYSTEMPATH\Boot.php(334): CodeIgniter\CodeIgniter->run()
 5 SYSTEMPATH\Boot.php(67): CodeIgniter\Boot::runCodeIgniter(Object(CodeIgniter\CodeIgniter))
 6 FCPATH\index.php(59): CodeIgniter\Boot::bootWeb(Object(Config\Paths))
CRITICAL - 2025-06-30 13:40:19 --> Error: Cannot call constructor
[Method: GET, Route: api/v1/tjD9cb/938-959-903/raw]
in APPPATH\Controllers\ApiController.php on line 28.
 1 SYSTEMPATH\CodeIgniter.php(903): App\Controllers\ApiController->__construct()
 2 SYSTEMPATH\CodeIgniter.php(498): CodeIgniter\CodeIgniter->createController()
 3 SYSTEMPATH\CodeIgniter.php(354): CodeIgniter\CodeIgniter->handleRequest(null, Object(Config\Cache), false)
 4 SYSTEMPATH\Boot.php(334): CodeIgniter\CodeIgniter->run()
 5 SYSTEMPATH\Boot.php(67): CodeIgniter\Boot::runCodeIgniter(Object(CodeIgniter\CodeIgniter))
 6 FCPATH\index.php(59): CodeIgniter\Boot::bootWeb(Object(Config\Paths))
CRITICAL - 2025-06-30 13:40:19 --> Error: Cannot call constructor
[Method: GET, Route: api/v1/info]
in APPPATH\Controllers\ApiController.php on line 28.
 1 SYSTEMPATH\CodeIgniter.php(903): App\Controllers\ApiController->__construct()
 2 SYSTEMPATH\CodeIgniter.php(498): CodeIgniter\CodeIgniter->createController()
 3 SYSTEMPATH\CodeIgniter.php(354): CodeIgniter\CodeIgniter->handleRequest(null, Object(Config\Cache), false)
 4 SYSTEMPATH\Boot.php(334): CodeIgniter\CodeIgniter->run()
 5 SYSTEMPATH\Boot.php(67): CodeIgniter\Boot::runCodeIgniter(Object(CodeIgniter\CodeIgniter))
 6 FCPATH\index.php(59): CodeIgniter\Boot::bootWeb(Object(Config\Paths))
INFO - 2025-06-30 13:40:48 --> API access granted for user: tjD9cb, IP: ::1
INFO - 2025-06-30 13:40:48 --> API access granted for user: tjD9cb, IP: ::1
INFO - 2025-06-30 13:40:49 --> API access granted for user: tjD9cb, IP: ::1
INFO - 2025-06-30 13:41:10 --> API access granted for user: tjD9cb, IP: ::1
INFO - 2025-06-30 13:42:22 --> API access granted for user: tjD9cb, IP: ::1
INFO - 2025-06-30 13:42:23 --> API access granted for user: tjD9cb, IP: ::1
INFO - 2025-06-30 13:42:24 --> API access granted for user: tjD9cb, IP: ::1
DEBUG - 2025-06-30 13:43:46 --> Session: Class initialized using 'CodeIgniter\Session\Handlers\FileHandler' driver.
DEBUG - 2025-06-30 13:44:10 --> Session: Class initialized using 'CodeIgniter\Session\Handlers\FileHandler' driver.
DEBUG - 2025-06-30 13:45:07 --> Session: Class initialized using 'CodeIgniter\Session\Handlers\FileHandler' driver.
INFO - 2025-06-30 13:48:27 --> API access granted for user: tjD9cb, IP: ::1
INFO - 2025-06-30 13:48:42 --> API access granted for user: tjD9cb, IP: ::1
INFO - 2025-06-30 13:51:57 --> CORS Preflight: Origin=http://127.0.0.1:5500, Method=, Headers=
INFO - 2025-06-30 14:02:29 --> CORS Preflight: Origin=null, Method=, Headers=
WARNING - 2025-06-30 14:02:55 --> Domain restriction violated for API key: rio_11eabc3c793401b780fa0e14652a2db180525930d438995d, Domain: null
DEBUG - 2025-06-30 14:03:12 --> Session: Class initialized using 'CodeIgniter\Session\Handlers\FileHandler' driver.
WARNING - 2025-06-30 14:03:20 --> Domain restriction violated for API key: rio_11eabc3c793401b780fa0e14652a2db180525930d438995d, Domain: null
WARNING - 2025-06-30 14:03:23 --> Domain restriction violated for API key: rio_11eabc3c793401b780fa0e14652a2db180525930d438995d, Domain: null
WARNING - 2025-06-30 14:03:30 --> Domain restriction violated for API key: rio_11eabc3c793401b780fa0e14652a2db180525930d438995d, Domain: null
WARNING - 2025-06-30 14:03:32 --> Domain restriction violated for API key: rio_11eabc3c793401b780fa0e14652a2db180525930d438995d, Domain: null
INFO - 2025-06-30 14:03:49 --> CORS Preflight: Origin=null, Method=, Headers=
INFO - 2025-06-30 14:04:16 --> API access granted for user: tjD9cb, IP: ::1
INFO - 2025-06-30 14:04:16 --> API access granted for user: tjD9cb, IP: ::1
INFO - 2025-06-30 14:04:19 --> API access granted for user: tjD9cb, IP: ::1
INFO - 2025-06-30 14:04:19 --> API access granted for user: tjD9cb, IP: ::1
INFO - 2025-06-30 14:04:19 --> API access granted for user: tjD9cb, IP: ::1
INFO - 2025-06-30 14:04:20 --> API access granted for user: tjD9cb, IP: ::1
WARNING - 2025-06-30 14:04:20 --> Domain restriction violated for API key: rio_11eabc3c793401b780fa0e14652a2db180525930d438995d, Domain: malicious-site.com
INFO - 2025-06-30 14:04:21 --> API access granted for user: tjD9cb, IP: ::1
INFO - 2025-06-30 14:04:21 --> API access granted for user: tjD9cb, IP: ::1
CRITICAL - 2025-06-30 14:04:24 --> CodeIgniter\HTTP\Exceptions\BadRequestException: The URI you submitted has disallowed characters: "'; DROP TABLE users; --"
[Method: GET, Route: api/v1/%27;%20DROP%20TABLE%20users;%20--]
in SYSTEMPATH\Router\Router.php on line 741.
 1 SYSTEMPATH\Router\Router.php(207): CodeIgniter\Router\Router->checkDisallowedChars('api/v1/\'; DROP TABLE users; --')
 2 SYSTEMPATH\CodeIgniter.php(832): CodeIgniter\Router\Router->handle('api/v1/\'; DROP TABLE users; --')
 3 SYSTEMPATH\CodeIgniter.php(455): CodeIgniter\CodeIgniter->tryToRouteIt(Object(CodeIgniter\Router\RouteCollection))
 4 SYSTEMPATH\CodeIgniter.php(354): CodeIgniter\CodeIgniter->handleRequest(null, Object(Config\Cache), false)
 5 SYSTEMPATH\Boot.php(334): CodeIgniter\CodeIgniter->run()
 6 SYSTEMPATH\Boot.php(67): CodeIgniter\Boot::runCodeIgniter(Object(CodeIgniter\CodeIgniter))
 7 FCPATH\index.php(59): CodeIgniter\Boot::bootWeb(Object(Config\Paths))
INFO - 2025-06-30 14:04:24 --> API access granted for user: tjD9cb, IP: ::1
INFO - 2025-06-30 14:04:25 --> API access granted for user: tjD9cb, IP: ::1
INFO - 2025-06-30 14:04:25 --> API access granted for user: tjD9cb, IP: ::1
INFO - 2025-06-30 14:04:57 --> API access granted for user: tjD9cb, IP: ::1
INFO - 2025-06-30 14:04:58 --> API access granted for user: tjD9cb, IP: ::1
INFO - 2025-06-30 14:04:58 --> API access granted for user: tjD9cb, IP: ::1
